============================= test session starts ==============================
platform darwin -- Python 3.9.6, pytest-8.4.2, pluggy-1.6.0 -- <repo>/.venv/bin/python3
cachedir: .pytest_cache
rootdir: <repo>
plugins: anyio-4.12.1
collecting ... collected 68 items

preprocessing/tests/test_driver_cli.py::TestBuildCliArgs::test_default_args PASSED [  1%]
preprocessing/tests/test_driver_cli.py::TestBuildCliArgs::test_zmiss_included_when_positive PASSED [  2%]
preprocessing/tests/test_driver_cli.py::TestBuildCliArgs::test_zmiss_excluded_when_zero PASSED [  4%]
preprocessing/tests/test_driver_cli.py::TestBuildCliArgs::test_data_path_override PASSED [  5%]
preprocessing/tests/test_driver_cli.py::TestBuildCliArgs::test_extra_args_appended PASSED [  7%]
preprocessing/tests/test_driver_cli.py::TestBuildCliArgs::test_theta_params_included PASSED [  8%]
preprocessing/tests/test_driver_cli.py::TestBuildCommand::test_native_command_starts_with_binary PASSED [ 10%]
preprocessing/tests/test_driver_cli.py::TestBuildCommand::test_docker_command_includes_platform PASSED [ 11%]
preprocessing/tests/test_driver_cli.py::TestBuildCommand::test_docker_command_includes_volume_mounts PASSED [ 13%]
preprocessing/tests/test_driver_cli.py::TestBuildCommand::test_docker_command_uses_correct_binary PASSED [ 14%]
preprocessing/tests/test_driver_cli.py::TestRPredictor::test_build_command_basic_structure PASSED [ 16%]
preprocessing/tests/test_driver_cli.py::TestRPredictor::test_build_command_theta_formatting PASSED [ 17%]
preprocessing/tests/test_driver_cli.py::TestRPredictor::test_build_command_includes_kernel PASSED [ 19%]
preprocessing/tests/test_driver_cli.py::TestRPredictor::test_build_command_with_test_csv PASSED [ 20%]
preprocessing/tests/test_driver_cli.py::TestRPredictor::test_build_command_volume_mounts PASSED [ 22%]
preprocessing/tests/test_driver_cli.py::TestRPredictor::test_r_prediction_result_success PASSED [ 23%]
preprocessing/tests/test_driver_cli.py::TestRPredictor::test_r_prediction_result_failure PASSED [ 25%]
preprocessing/tests/test_exageostat_result.py::TestParseEstimatedTheta::test_parses_three_params PASSED [ 26%]
preprocessing/tests/test_exageostat_result.py::TestParseEstimatedTheta::test_no_prediction_still_parses PASSED [ 27%]
preprocessing/tests/test_exageostat_result.py::TestParseEstimatedTheta::test_returns_none_for_empty_output PASSED [ 29%]
preprocessing/tests/test_exageostat_result.py::TestParseLogLikelihood::test_parses_value PASSED [ 30%]
preprocessing/tests/test_exageostat_result.py::TestParseLogLikelihood::test_parses_negative_value PASSED [ 32%]
preprocessing/tests/test_exageostat_result.py::TestParseLogLikelihood::test_returns_none_for_empty_output PASSED [ 33%]
preprocessing/tests/test_exageostat_result.py::TestParseNIterations::test_parses_count PASSED [ 35%]
preprocessing/tests/test_exageostat_result.py::TestParseNIterations::test_returns_none_for_empty_output PASSED [ 36%]
preprocessing/tests/test_exageostat_result.py::TestParseIterationLog::test_parses_all_iterations PASSED [ 38%]
preprocessing/tests/test_exageostat_result.py::TestParseIterationLog::test_first_iteration_values PASSED [ 39%]
preprocessing/tests/test_exageostat_result.py::TestParseIterationLog::test_last_iteration_values PASSED [ 41%]
preprocessing/tests/test_exageostat_result.py::TestParseIterationLog::test_empty_output_returns_empty_list PASSED [ 42%]
preprocessing/tests/test_exageostat_result.py::TestSuccessProperty::test_success_when_zero PASSED [ 44%]
preprocessing/tests/test_exageostat_result.py::TestSuccessProperty::test_failure_when_nonzero PASSED [ 45%]
preprocessing/tests/test_kriging.py::TestMaternCovariance::test_zero_distance_equals_variance PASSED [ 47%]
preprocessing/tests/test_kriging.py::TestMaternCovariance::test_zero_distance_with_nugget PASSED [ 48%]
preprocessing/tests/test_kriging.py::TestMaternCovariance::test_decreases_with_distance PASSED [ 50%]
preprocessing/tests/test_kriging.py::TestMaternCovariance::test_approaches_zero_at_large_distance PASSED [ 51%]
preprocessing/tests/test_kriging.py::TestMaternCovariance::test_always_non_negative PASSED [ 52%]
preprocessing/tests/test_kriging.py::TestMaternCovariance::test_symmetric PASSED [ 54%]
preprocessing/tests/test_kriging.py::TestMaternCovariance::test_nu_half_matches_exponential PASSED [ 55%]
preprocessing/tests/test_kriging.py::TestMaternCovariance::test_different_sigma2_scales_linearly PASSED [ 57%]
preprocessing/tests/test_kriging.py::TestBuildCovarianceMatrix::test_symmetric PASSED [ 58%]
preprocessing/tests/test_kriging.py::TestBuildCovarianceMatrix::test_diagonal_equals_variance PASSED [ 60%]
preprocessing/tests/test_kriging.py::TestBuildCovarianceMatrix::test_positive_definite PASSED [ 61%]
preprocessing/tests/test_kriging.py::TestBuildCovarianceMatrix::test_shape PASSED [ 63%]
preprocessing/tests/test_kriging.py::TestKrigingPredict::test_prediction_at_training_points_recovers_values PASSED [ 64%]
preprocessing/tests/test_kriging.py::TestKrigingPredict::test_variance_increases_away_from_data PASSED [ 66%]
preprocessing/tests/test_kriging.py::TestKrigingPredict::test_output_shapes PASSED [ 67%]
preprocessing/tests/test_kriging.py::TestKrigingPredict::test_variances_non_negative PASSED [ 69%]
preprocessing/tests/test_kriging.py::TestMakePredictionGrid::test_grid_shape PASSED [ 70%]
preprocessing/tests/test_kriging.py::TestMakePredictionGrid::test_grid_bounds PASSED [ 72%]
preprocessing/tests/test_kriging.py::TestLoadCsvData::test_round_trip PASSED [ 73%]
preprocessing/tests/test_validation.py::TestComputeMetrics::test_perfect_prediction PASSED [ 75%]
preprocessing/tests/test_validation.py::TestComputeMetrics::test_known_rmse PASSED [ 76%]
preprocessing/tests/test_validation.py::TestComputeMetrics::test_bias_direction PASSED [ 77%]
preprocessing/tests/test_validation.py::TestComputeMetrics::test_negative_bias PASSED [ 79%]
preprocessing/tests/test_validation.py::TestComputeMetrics::test_mae_always_positive PASSED [ 80%]
preprocessing/tests/test_validation.py::TestComputeMetrics::test_coverage_all_inside PASSED [ 82%]
preprocessing/tests/test_validation.py::TestComputeMetrics::test_coverage_none_inside PASSED [ 83%]
preprocessing/tests/test_validation.py::TestComputeMetrics::test_str_output PASSED [ 85%]
preprocessing/tests/test_validation.py::TestSpatialBlockCV::test_generates_folds PASSED [ 86%]
preprocessing/tests/test_validation.py::TestSpatialBlockCV::test_no_data_leakage PASSED [ 88%]
preprocessing/tests/test_validation.py::TestSpatialBlockCV::test_all_points_covered PASSED [ 89%]
preprocessing/tests/test_validation.py::TestRopkeBaseline::test_exact_match_at_same_location PASSED [ 91%]
preprocessing/tests/test_validation.py::TestRopkeBaseline::test_nearest_neighbor_prediction PASSED [ 92%]
preprocessing/tests/test_validation.py::TestInverseLogit::test_zero_gives_half PASSED [ 94%]
preprocessing/tests/test_validation.py::TestInverseLogit::test_large_positive_gives_one PASSED [ 95%]
preprocessing/tests/test_validation.py::TestInverseLogit::test_large_negative_gives_zero PASSED [ 97%]
preprocessing/tests/test_validation.py::TestInverseLogit::test_monotonically_increasing PASSED [ 98%]
preprocessing/tests/test_validation.py::TestInverseLogit::test_output_bounded_0_1 PASSED [100%]

============================== 68 passed in 2.22s ==============================
